Exporter version: 6.1.1, Blender version: 2.80 (sub 75)
========= Conversion from Blender to Babylon.js =========
	Scene settings used :
		inline textures     :  false
		Material Type       :  PBR
		Positions Precision :  4
		Normals Precision   :  3
		UVs Precision       :  3
		Vert Color Precision:  3
		Mat Weight Precision:  2
		texture directory   :  /home/gsanta/dev/other/nightshifts-inc-world-generator/assets/models/stairs/
	Python World class constructor completed
	processing begun of camera (UniversalCamera):  Camera
	processing begun of mesh:  Stairs.001
		processing begun of material:  Material.001
			processing texture stairs_uv
				texture type:  diffuseTexture, mapped using: "UVMap"
		num positions      :  2549
		num normals        :  2549
		num tangents       :  0
		num uvs            :  5098
		num uvs2           :  0
		num colors         :  0
		num indices        :  3216
	processing begun of light (POINT):  Light
========= Writing of JSON file started =========
========= Writing of JSON file completed =========
========= end of processing =========
elapsed time:  0 min, 0.0812 secs
