Exporter version: 6.2.3, Blender version: 2.80 (sub 75)
========= Conversion from Blender to Babylon.js =========
	Scene settings used :
		inline textures     :  false
		Material Type       :  PBR
		Positions Precision :  4
		Normals Precision   :  3
		UVs Precision       :  3
		Vert Color Precision:  3
		Mat Weight Precision:  2
		texture directory   :  C:\Users\gsanta\dev\other\nightshifts-inc-world-generator\assets\models\building\
	Python World class constructor completed
	WARNING: No active camera has been assigned, or is not in a currently selected Blender layer
	processing begun of mesh:  building
		processing begun of material:  Material
			processing texture building_5_texture_v5
				WARNING: Exception during copy:
					[Errno 2] No such file or directory: 'C:\\Users\\gsanta\\Dropbox\\nightshifts\\building\\building_5\\building_5\\building_5_texture_v5.png'
				texture type:  diffuseTexture, mapped using: "UVMap"
		Custom split normals with tangents being used
		num positions      :  1081
		num normals        :  1081
		num tangents       :  4324
		num uvs            :  2162
		num uvs2           :  0
		num colors         :  0
		num indices        :  1320
		WARNING: # of 0 area faces found:  28
========= Writing of JSON file started =========
	writing mesh:  building
========= Writing of JSON file completed =========
========= end of processing =========
elapsed time:  0 min, 0.1039 secs
