Exporter version: 6.2.3, Blender version: 2.80 (sub 75)
========= Conversion from Blender to Babylon.js =========
	Scene settings used :
		inline textures     :  false
		Material Type       :  PBR
		Positions Precision :  4
		Normals Precision   :  3
		UVs Precision       :  3
		Vert Color Precision:  3
		Mat Weight Precision:  2
		texture directory   :  C:\Users\gsanta\dev\other\nightshifts-inc-world-generator\assets\models\building\
	Python World class constructor completed
	WARNING: No active camera has been assigned, or is not in a currently selected Blender layer
	processing begun of mesh:  Cylinder.001
		processing begun of material:  Material
			processing texture building_7_texture_v8
				texture type:  diffuseTexture, mapped using: "UVMap"
		num positions      :  3264
		num normals        :  3264
		num tangents       :  0
		num uvs            :  6528
		num uvs2           :  0
		num colors         :  0
		num indices        :  3912
		WARNING: # of 0 area faces found:  28
========= Writing of JSON file started =========
	writing mesh:  Cylinder.001
========= Writing of JSON file completed =========
========= end of processing =========
elapsed time:  0 min, 0.1519 secs
