Exporter version: 6.2.3, Blender version: 2.80 (sub 75)
========= Conversion from Blender to Babylon.js =========
	Scene settings used :
		inline textures     :  false
		Material Type       :  PBR
		Positions Precision :  4
		Normals Precision   :  3
		UVs Precision       :  3
		Vert Color Precision:  3
		Mat Weight Precision:  2
		texture directory   :  C:\Users\gsanta\dev\other\nightshifts-inc-world-generator\assets\models\ground\
	Python World class constructor completed
	WARNING: No active camera has been assigned, or is not in a currently selected Blender layer
	processing begun of mesh:  Plane.001
		processing begun of material:  Material.001
			processing texture ground_1_texture_v4
				texture type:  diffuseTexture, mapped using: "UVMap"
		num positions      :  29
		num normals        :  29
		num tangents       :  0
		num uvs            :  58
		num uvs2           :  0
		num colors         :  0
		num indices        :  36
========= Writing of JSON file started =========
	writing mesh:  Plane.001
========= Writing of JSON file completed =========
========= end of processing =========
elapsed time:  0 min, 0.1848 secs
