Exporter version: 6.1.1, Blender version: 2.80 (sub 75)
========= Conversion from Blender to Babylon.js =========
	Scene settings used :
		inline textures     :  false
		Material Type       :  PBR
		Positions Precision :  4
		Normals Precision   :  3
		UVs Precision       :  3
		Vert Color Precision:  3
		Mat Weight Precision:  2
		texture directory   :  /home/gsanta/dev/other/nightshifts-inc-world-generator/assets/models/window/
	Python World class constructor completed
	WARNING: No active camera has been assigned, or is not in a currently selected Blender layer
	processing begun of mesh:  Blind
		processing begun of material:  Material
			processing texture window
				texture type:  diffuseTexture, mapped using: "UVMap"
		num positions      :  4123
		num normals        :  4123
		num tangents       :  0
		num uvs            :  8246
		num uvs2           :  0
		num colors         :  0
		num indices        :  5208
========= Writing of JSON file started =========
========= Writing of JSON file completed =========
========= end of processing =========
elapsed time:  0 min, 0.1591 secs
